# JRE version: Java(TM) SE Runtime Environment (16.0.1+9) (build 16.0.1+9-24)
# Java VM: Java HotSpot(TM) 64-Bit Server VM (16.0.1+9-24, mixed mode, sharing, tiered, compressed oops, compressed class ptrs, parallel gc, windows-amd64)
GC Precious Log:
 CPUs: 2 total, 2 available
 Memory: 1933M
 Large Page Support: Disabled
 NUMA Support: Disabled
 Compressed Oops: Enabled (32-bit)
 Alignments: Space 512K, Generation 512K, Heap 2M
 Heap Min Capacity: 100M
 Heap Initial Capacity: 100M
 Heap Max Capacity: 1G
 Pre-touch: Disabled
 Parallel Workers: 2
Heap:
 PSYoungGen      total 33792K, used 18310K [0x00000000eab00000, 0x00000000ed800000, 0x0000000100000000)
  eden space 21504K, 85% used [0x00000000eab00000,0x00000000ebce1b20,0x00000000ec000000)
  from space 12288K, 0% used [0x00000000ec000000,0x00000000ec000000,0x00000000ecc00000)
  to   space 12288K, 0% used [0x00000000ecc00000,0x00000000ecc00000,0x00000000ed800000)
 ParOldGen       total 82944K, used 72958K [0x00000000c0000000, 0x00000000c5100000, 0x00000000eab00000)
  object space 82944K, 87% used [0x00000000c0000000,0x00000000c473fab0,0x00000000c5100000)
 Metaspace       used 54319K, committed 55232K, reserved 1105920K
  class space    used 5678K, committed 6016K, reserved 1048576K
GC Heap History (20 events):
Event: 50.566 GC heap before
{Heap before GC invocations=13 (full 2):
 PSYoungGen      total 27136K, used 27072K [0x00000000eab00000, 0x00000000ecc80000, 0x0000000100000000)
  eden space 22528K, 100% used [0x00000000eab00000,0x00000000ec100000,0x00000000ec100000)
  from space 4608K, 98% used [0x00000000ec800000,0x00000000ecc70020,0x00000000ecc80000)
  to   space 5632K, 0% used [0x00000000ec180000,0x00000000ec180000,0x00000000ec700000)
 ParOldGen       total 68608K, used 20609K [0x00000000c0000000, 0x00000000c4300000, 0x00000000eab00000)
  object space 68608K, 30% used [0x00000000c0000000,0x00000000c1420440,0x00000000c4300000)
 Metaspace       used 39400K, committed 40192K, reserved 1089536K
  class space    used 4234K, committed 4608K, reserved 1048576K
}
Event: 50.584 GC heap after
{Heap after GC invocations=13 (full 2):
 PSYoungGen      total 24576K, used 2464K [0x00000000eab00000, 0x00000000ec880000, 0x0000000100000000)
  eden space 22016K, 0% used [0x00000000eab00000,0x00000000eab00000,0x00000000ec080000)
  from space 2560K, 96% used [0x00000000ec180000,0x00000000ec3e8010,0x00000000ec400000)
  to   space 3584K, 0% used [0x00000000ec500000,0x00000000ec500000,0x00000000ec880000)
 ParOldGen       total 68608K, used 25021K [0x00000000c0000000, 0x00000000c4300000, 0x00000000eab00000)
  object space 68608K, 36% used [0x00000000c0000000,0x00000000c186f7a8,0x00000000c4300000)
 Metaspace       used 39400K, committed 40192K, reserved 1089536K
  class space    used 4234K, committed 4608K, reserved 1048576K
}
Event: 53.823 GC heap before
{Heap before GC invocations=14 (full 2):
 PSYoungGen      total 24576K, used 24480K [0x00000000eab00000, 0x00000000ec880000, 0x0000000100000000)
  eden space 22016K, 100% used [0x00000000eab00000,0x00000000ec080000,0x00000000ec080000)
  from space 2560K, 96% used [0x00000000ec180000,0x00000000ec3e8010,0x00000000ec400000)
  to   space 3584K, 0% used [0x00000000ec500000,0x00000000ec500000,0x00000000ec880000)
 ParOldGen       total 68608K, used 25021K [0x00000000c0000000, 0x00000000c4300000, 0x00000000eab00000)
  object space 68608K, 36% used [0x00000000c0000000,0x00000000c186f7a8,0x00000000c4300000)
 Metaspace       used 43487K, committed 44288K, reserved 1089536K
  class space    used 4649K, committed 4992K, reserved 1048576K
}
Event: 53.841 GC heap after
{Heap after GC invocations=14 (full 2):
 PSYoungGen      total 25088K, used 2758K [0x00000000eab00000, 0x00000000ec800000, 0x0000000100000000)
  eden space 22016K, 0% used [0x00000000eab00000,0x00000000eab00000,0x00000000ec080000)
  from space 3072K, 89% used [0x00000000ec500000,0x00000000ec7b1820,0x00000000ec800000)
  to   space 3072K, 0% used [0x00000000ec200000,0x00000000ec200000,0x00000000ec500000)
 ParOldGen       total 68608K, used 27453K [0x00000000c0000000, 0x00000000c4300000, 0x00000000eab00000)
  object space 68608K, 40% used [0x00000000c0000000,0x00000000c1acf7b8,0x00000000c4300000)
 Metaspace       used 43487K, committed 44288K, reserved 1089536K
  class space    used 4649K, committed 4992K, reserved 1048576K
}
Event: 56.768 GC heap before
{Heap before GC invocations=15 (full 2):
 PSYoungGen      total 25088K, used 24764K [0x00000000eab00000, 0x00000000ec800000, 0x0000000100000000)
  eden space 22016K, 99% used [0x00000000eab00000,0x00000000ec07d868,0x00000000ec080000)
  from space 3072K, 89% used [0x00000000ec500000,0x00000000ec7b1820,0x00000000ec800000)
  to   space 3072K, 0% used [0x00000000ec200000,0x00000000ec200000,0x00000000ec500000)
 ParOldGen       total 68608K, used 27453K [0x00000000c0000000, 0x00000000c4300000, 0x00000000eab00000)
  object space 68608K, 40% used [0x00000000c0000000,0x00000000c1acf7b8,0x00000000c4300000)
 Metaspace       used 46482K, committed 47360K, reserved 1097728K
  class space    used 4900K, committed 5248K, reserved 1048576K
}
Event: 56.778 GC heap after
{Heap after GC invocations=15 (full 2):
 PSYoungGen      total 23040K, used 607K [0x00000000eab00000, 0x00000000ec580000, 0x0000000100000000)
  eden space 22016K, 0% used [0x00000000eab00000,0x00000000eab00000,0x00000000ec080000)
  from space 1024K, 59% used [0x00000000ec200000,0x00000000ec297ed0,0x00000000ec300000)
  to   space 1536K, 0% used [0x00000000ec400000,0x00000000ec400000,0x00000000ec580000)
 ParOldGen       total 68608K, used 30064K [0x00000000c0000000, 0x00000000c4300000, 0x00000000eab00000)
  object space 68608K, 43% used [0x00000000c0000000,0x00000000c1d5c218,0x00000000c4300000)
 Metaspace       used 46482K, committed 47360K, reserved 1097728K
  class space    used 4900K, committed 5248K, reserved 1048576K
}
Event: 65.030 GC heap before
{Heap before GC invocations=16 (full 2):
 PSYoungGen      total 23040K, used 22592K [0x00000000eab00000, 0x00000000ec580000, 0x0000000100000000)
  eden space 22016K, 99% used [0x00000000eab00000,0x00000000ec078178,0x00000000ec080000)
  from space 1024K, 59% used [0x00000000ec200000,0x00000000ec297ed0,0x00000000ec300000)
  to   space 1536K, 0% used [0x00000000ec400000,0x00000000ec400000,0x00000000ec580000)
 ParOldGen       total 68608K, used 30064K [0x00000000c0000000, 0x00000000c4300000, 0x00000000eab00000)
  object space 68608K, 43% used [0x00000000c0000000,0x00000000c1d5c218,0x00000000c4300000)
 Metaspace       used 49526K, committed 50304K, reserved 1097728K
  class space    used 5176K, committed 5504K, reserved 1048576K
}
Event: 65.038 GC heap after
{Heap after GC invocations=16 (full 2):
 PSYoungGen      total 23552K, used 1456K [0x00000000eab00000, 0x00000000ec580000, 0x0000000100000000)
  eden space 22016K, 0% used [0x00000000eab00000,0x00000000eab00000,0x00000000ec080000)
  from space 1536K, 94% used [0x00000000ec400000,0x00000000ec56c030,0x00000000ec580000)
  to   space 2048K, 0% used [0x00000000ec180000,0x00000000ec180000,0x00000000ec380000)
 ParOldGen       total 68608K, used 30620K [0x00000000c0000000, 0x00000000c4300000, 0x00000000eab00000)
  object space 68608K, 44% used [0x00000000c0000000,0x00000000c1de7328,0x00000000c4300000)
 Metaspace       used 49526K, committed 50304K, reserved 1097728K
  class space    used 5176K, committed 5504K, reserved 1048576K
}
Event: 68.542 GC heap before
{Heap before GC invocations=17 (full 2):
 PSYoungGen      total 23552K, used 23178K [0x00000000eab00000, 0x00000000ec580000, 0x0000000100000000)
  eden space 22016K, 98% used [0x00000000eab00000,0x00000000ec036908,0x00000000ec080000)
  from space 1536K, 94% used [0x00000000ec400000,0x00000000ec56c030,0x00000000ec580000)
  to   space 2048K, 0% used [0x00000000ec180000,0x00000000ec180000,0x00000000ec380000)
 ParOldGen       total 68608K, used 30620K [0x00000000c0000000, 0x00000000c4300000, 0x00000000eab00000)
  object space 68608K, 44% used [0x00000000c0000000,0x00000000c1de7328,0x00000000c4300000)
 Metaspace       used 50432K, committed 51200K, reserved 1097728K
  class space    used 5256K, committed 5568K, reserved 1048576K
}
Event: 68.560 GC heap after
{Heap after GC invocations=17 (full 2):
 PSYoungGen      total 23552K, used 1232K [0x00000000eab00000, 0x00000000ec480000, 0x0000000100000000)
  eden space 22016K, 0% used [0x00000000eab00000,0x00000000eab00000,0x00000000ec080000)
  from space 1536K, 80% used [0x00000000ec180000,0x00000000ec2b4010,0x00000000ec300000)
  to   space 1536K, 0% used [0x00000000ec300000,0x00000000ec300000,0x00000000ec480000)
 ParOldGen       total 68608K, used 41912K [0x00000000c0000000, 0x00000000c4300000, 0x00000000eab00000)
  object space 68608K, 61% used [0x00000000c0000000,0x00000000c28ee348,0x00000000c4300000)
 Metaspace       used 50432K, committed 51200K, reserved 1097728K
  class space    used 5256K, committed 5568K, reserved 1048576K
}
Event: 71.173 GC heap before
{Heap before GC invocations=18 (full 3):
 PSYoungGen      total 23552K, used 23248K [0x00000000eab00000, 0x00000000ec480000, 0x0000000100000000)
  eden space 22016K, 100% used [0x00000000eab00000,0x00000000ec080000,0x00000000ec080000)
  from space 1536K, 80% used [0x00000000ec180000,0x00000000ec2b4010,0x00000000ec300000)
  to   space 1536K, 0% used [0x00000000ec300000,0x00000000ec300000,0x00000000ec480000)
 ParOldGen       total 68608K, used 68242K [0x00000000c0000000, 0x00000000c4300000, 0x00000000eab00000)
  object space 68608K, 99% used [0x00000000c0000000,0x00000000c42a48f8,0x00000000c4300000)
 Metaspace       used 51120K, committed 51968K, reserved 1097728K
  class space    used 5305K, committed 5632K, reserved 1048576K
}
Event: 72.119 GC heap after
{Heap after GC invocations=18 (full 3):
 PSYoungGen      total 22528K, used 0K [0x00000000eab00000, 0x00000000ec380000, 0x0000000100000000)
  eden space 22016K, 0% used [0x00000000eab00000,0x00000000eab00000,0x00000000ec080000)
  from space 512K, 0% used [0x00000000ec300000,0x00000000ec300000,0x00000000ec380000)
  to   space 1536K, 0% used [0x00000000ec080000,0x00000000ec080000,0x00000000ec200000)
 ParOldGen       total 82944K, used 44240K [0x00000000c0000000, 0x00000000c5100000, 0x00000000eab00000)
  object space 82944K, 53% used [0x00000000c0000000,0x00000000c2b34108,0x00000000c5100000)
 Metaspace       used 51120K, committed 51968K, reserved 1097728K
  class space    used 5305K, committed 5632K, reserved 1048576K
}
Event: 72.923 GC heap before
{Heap before GC invocations=19 (full 3):
 PSYoungGen      total 22528K, used 22016K [0x00000000eab00000, 0x00000000ec380000, 0x0000000100000000)
  eden space 22016K, 100% used [0x00000000eab00000,0x00000000ec080000,0x00000000ec080000)
  from space 512K, 0% used [0x00000000ec300000,0x00000000ec300000,0x00000000ec380000)
  to   space 1536K, 0% used [0x00000000ec080000,0x00000000ec080000,0x00000000ec200000)
 ParOldGen       total 82944K, used 44240K [0x00000000c0000000, 0x00000000c5100000, 0x00000000eab00000)
  object space 82944K, 53% used [0x00000000c0000000,0x00000000c2b34108,0x00000000c5100000)
 Metaspace       used 51510K, committed 52352K, reserved 1097728K
  class space    used 5349K, committed 5696K, reserved 1048576K
}
Event: 72.967 GC heap after
{Heap after GC invocations=19 (full 3):
 PSYoungGen      total 23040K, used 1535K [0x00000000eab00000, 0x00000000ee100000, 0x0000000100000000)
  eden space 21504K, 0% used [0x00000000eab00000,0x00000000eab00000,0x00000000ec000000)
  from space 1536K, 99% used [0x00000000ec080000,0x00000000ec1ffe88,0x00000000ec200000)
  to   space 16896K, 0% used [0x00000000ed080000,0x00000000ed080000,0x00000000ee100000)
 ParOldGen       total 82944K, used 57200K [0x00000000c0000000, 0x00000000c5100000, 0x00000000eab00000)
  object space 82944K, 68% used [0x00000000c0000000,0x00000000c37dc108,0x00000000c5100000)
 Metaspace       used 51510K, committed 52352K, reserved 1097728K
  class space    used 5349K, committed 5696K, reserved 1048576K
}
Event: 73.274 GC heap before
{Heap before GC invocations=20 (full 3):
 PSYoungGen      total 23040K, used 23039K [0x00000000eab00000, 0x00000000ee100000, 0x0000000100000000)
  eden space 21504K, 100% used [0x00000000eab00000,0x00000000ec000000,0x00000000ec000000)
  from space 1536K, 99% used [0x00000000ec080000,0x00000000ec1ffe88,0x00000000ec200000)
  to   space 16896K, 0% used [0x00000000ed080000,0x00000000ed080000,0x00000000ee100000)
 ParOldGen       total 82944K, used 57200K [0x00000000c0000000, 0x00000000c5100000, 0x00000000eab00000)
  object space 82944K, 68% used [0x00000000c0000000,0x00000000c37dc108,0x00000000c5100000)
 Metaspace       used 51636K, committed 52480K, reserved 1097728K
  class space    used 5369K, committed 5696K, reserved 1048576K
}
Event: 73.316 GC heap after
{Heap after GC invocations=20 (full 3):
 PSYoungGen      total 35840K, used 13920K [0x00000000eab00000, 0x00000000ede80000, 0x0000000100000000)
  eden space 21504K, 0% used [0x00000000eab00000,0x00000000eab00000,0x00000000ec000000)
  from space 14336K, 97% used [0x00000000ed080000,0x00000000ede18000,0x00000000ede80000)
  to   space 14848K, 0% used [0x00000000ec180000,0x00000000ec180000,0x00000000ed000000)
 ParOldGen       total 82944K, used 58700K [0x00000000c0000000, 0x00000000c5100000, 0x00000000eab00000)
  object space 82944K, 70% used [0x00000000c0000000,0x00000000c3953188,0x00000000c5100000)
 Metaspace       used 51636K, committed 52480K, reserved 1097728K
  class space    used 5369K, committed 5696K, reserved 1048576K
}
Event: 74.357 GC heap before
{Heap before GC invocations=21 (full 3):
 PSYoungGen      total 35840K, used 35422K [0x00000000eab00000, 0x00000000ede80000, 0x0000000100000000)
  eden space 21504K, 99% used [0x00000000eab00000,0x00000000ebfffa50,0x00000000ec000000)
  from space 14336K, 97% used [0x00000000ed080000,0x00000000ede18000,0x00000000ede80000)
  to   space 14848K, 0% used [0x00000000ec180000,0x00000000ec180000,0x00000000ed000000)
 ParOldGen       total 82944K, used 58700K [0x00000000c0000000, 0x00000000c5100000, 0x00000000eab00000)
  object space 82944K, 70% used [0x00000000c0000000,0x00000000c3953188,0x00000000c5100000)
 Metaspace       used 52756K, committed 53632K, reserved 1097728K
  class space    used 5513K, committed 5824K, reserved 1048576K
}
Event: 74.432 GC heap after
{Heap after GC invocations=21 (full 3):
 PSYoungGen      total 32768K, used 11019K [0x00000000eab00000, 0x00000000ed800000, 0x0000000100000000)
  eden space 21504K, 0% used [0x00000000eab00000,0x00000000eab00000,0x00000000ec000000)
  from space 11264K, 97% used [0x00000000ec180000,0x00000000ecc42e08,0x00000000ecc80000)
  to   space 11776K, 0% used [0x00000000ecc80000,0x00000000ecc80000,0x00000000ed800000)
 ParOldGen       total 82944K, used 72132K [0x00000000c0000000, 0x00000000c5100000, 0x00000000eab00000)
  object space 82944K, 86% used [0x00000000c0000000,0x00000000c4671188,0x00000000c5100000)
 Metaspace       used 52756K, committed 53632K, reserved 1097728K
  class space    used 5513K, committed 5824K, reserved 1048576K
}
Event: 74.432 GC heap before
{Heap before GC invocations=22 (full 4):
 PSYoungGen      total 32768K, used 11019K [0x00000000eab00000, 0x00000000ed800000, 0x0000000100000000)
  eden space 21504K, 0% used [0x00000000eab00000,0x00000000eab00000,0x00000000ec000000)
  from space 11264K, 97% used [0x00000000ec180000,0x00000000ecc42e08,0x00000000ecc80000)
  to   space 11776K, 0% used [0x00000000ecc80000,0x00000000ecc80000,0x00000000ed800000)
 ParOldGen       total 82944K, used 72132K [0x00000000c0000000, 0x00000000c5100000, 0x00000000eab00000)
  object space 82944K, 86% used [0x00000000c0000000,0x00000000c4671188,0x00000000c5100000)
 Metaspace       used 52756K, committed 53632K, reserved 1097728K
  class space    used 5513K, committed 5824K, reserved 1048576K
}
Event: 74.860 GC heap after
{Heap after GC invocations=22 (full 4):
 PSYoungGen      total 33280K, used 0K [0x00000000eab00000, 0x00000000ed800000, 0x0000000100000000)
  eden space 21504K, 0% used [0x00000000eab00000,0x00000000eab00000,0x00000000ec000000)
  from space 11776K, 0% used [0x00000000ecc80000,0x00000000ecc80000,0x00000000ed800000)
  to   space 12288K, 0% used [0x00000000ec000000,0x00000000ec000000,0x00000000ecc00000)
 ParOldGen       total 82944K, used 70486K [0x00000000c0000000, 0x00000000c5100000, 0x00000000eab00000)
  object space 82944K, 84% used [0x00000000c0000000,0x00000000c44d5ab8,0x00000000c5100000)
 Metaspace       used 52756K, committed 53632K, reserved 1097728K
  class space    used 5513K, committed 5824K, reserved 1048576K
}

