# JRE version: Java(TM) SE Runtime Environment (16.0.1+9) (build 16.0.1+9-24)
# Java VM: Java HotSpot(TM) 64-Bit Server VM (16.0.1+9-24, mixed mode, sharing, tiered, compressed oops, compressed class ptrs, parallel gc, windows-amd64)
GC Precious Log:
 CPUs: 2 total, 2 available
 Memory: 1933M
 Large Page Support: Disabled
 NUMA Support: Disabled
 Compressed Oops: Enabled (32-bit)
 Alignments: Space 512K, Generation 512K, Heap 2M
 Heap Min Capacity: 100M
 Heap Initial Capacity: 100M
 Heap Max Capacity: 1G
 Pre-touch: Disabled
 Parallel Workers: 2
Heap:
 PSYoungGen      total 22528K, used 5155K [0x00000000eab00000, 0x00000000ec980000, 0x0000000100000000)
  eden space 20992K, 17% used [0x00000000eab00000,0x00000000eae89e08,0x00000000ebf80000)
  from space 1536K, 99% used [0x00000000ec400000,0x00000000ec57f0c8,0x00000000ec580000)
  to   space 4608K, 0% used [0x00000000ebf80000,0x00000000ebf80000,0x00000000ec400000)
 ParOldGen       total 68608K, used 32740K [0x00000000c0000000, 0x00000000c4300000, 0x00000000eab00000)
  object space 68608K, 47% used [0x00000000c0000000,0x00000000c1ff9028,0x00000000c4300000)
 Metaspace       used 51633K, committed 52544K, reserved 1097728K
  class space    used 5400K, committed 5760K, reserved 1048576K
GC Heap History (20 events):
Event: 20.366 GC heap before
{Heap before GC invocations=7 (full 1):
 PSYoungGen      total 29184K, used 14149K [0x00000000eab00000, 0x00000000ed080000, 0x0000000100000000)
  eden space 25088K, 40% used [0x00000000eab00000,0x00000000eb4d63b0,0x00000000ec380000)
  from space 4096K, 99% used [0x00000000ec400000,0x00000000ec7fb370,0x00000000ec800000)
  to   space 6656K, 0% used [0x00000000eca00000,0x00000000eca00000,0x00000000ed080000)
 ParOldGen       total 68608K, used 12245K [0x00000000c0000000, 0x00000000c4300000, 0x00000000eab00000)
  object space 68608K, 17% used [0x00000000c0000000,0x00000000c0bf54c8,0x00000000c4300000)
 Metaspace       used 34724K, committed 35456K, reserved 1081344K
  class space    used 3652K, committed 3968K, reserved 1048576K
}
Event: 20.380 GC heap after
{Heap after GC invocations=7 (full 1):
 PSYoungGen      total 30208K, used 4953K [0x00000000eab00000, 0x00000000ecf00000, 0x0000000100000000)
  eden space 25088K, 0% used [0x00000000eab00000,0x00000000eab00000,0x00000000ec380000)
  from space 5120K, 96% used [0x00000000eca00000,0x00000000eced6550,0x00000000ecf00000)
  to   space 5632K, 0% used [0x00000000ec400000,0x00000000ec400000,0x00000000ec980000)
 ParOldGen       total 68608K, used 12245K [0x00000000c0000000, 0x00000000c4300000, 0x00000000eab00000)
  object space 68608K, 17% used [0x00000000c0000000,0x00000000c0bf54c8,0x00000000c4300000)
 Metaspace       used 34724K, committed 35456K, reserved 1081344K
  class space    used 3652K, committed 3968K, reserved 1048576K
}
Event: 20.380 GC heap before
{Heap before GC invocations=8 (full 2):
 PSYoungGen      total 30208K, used 4953K [0x00000000eab00000, 0x00000000ecf00000, 0x0000000100000000)
  eden space 25088K, 0% used [0x00000000eab00000,0x00000000eab00000,0x00000000ec380000)
  from space 5120K, 96% used [0x00000000eca00000,0x00000000eced6550,0x00000000ecf00000)
  to   space 5632K, 0% used [0x00000000ec400000,0x00000000ec400000,0x00000000ec980000)
 ParOldGen       total 68608K, used 12245K [0x00000000c0000000, 0x00000000c4300000, 0x00000000eab00000)
  object space 68608K, 17% used [0x00000000c0000000,0x00000000c0bf54c8,0x00000000c4300000)
 Metaspace       used 34724K, committed 35456K, reserved 1081344K
  class space    used 3652K, committed 3968K, reserved 1048576K
}
Event: 20.483 GC heap after
{Heap after GC invocations=8 (full 2):
 PSYoungGen      total 30208K, used 0K [0x00000000eab00000, 0x00000000ecf00000, 0x0000000100000000)
  eden space 25088K, 0% used [0x00000000eab00000,0x00000000eab00000,0x00000000ec380000)
  from space 5120K, 0% used [0x00000000eca00000,0x00000000eca00000,0x00000000ecf00000)
  to   space 5632K, 0% used [0x00000000ec400000,0x00000000ec400000,0x00000000ec980000)
 ParOldGen       total 68608K, used 15816K [0x00000000c0000000, 0x00000000c4300000, 0x00000000eab00000)
  object space 68608K, 23% used [0x00000000c0000000,0x00000000c0f72078,0x00000000c4300000)
 Metaspace       used 34724K, committed 35456K, reserved 1081344K
  class space    used 3652K, committed 3968K, reserved 1048576K
}
Event: 21.803 GC heap before
{Heap before GC invocations=9 (full 2):
 PSYoungGen      total 30208K, used 25088K [0x00000000eab00000, 0x00000000ecf00000, 0x0000000100000000)
  eden space 25088K, 100% used [0x00000000eab00000,0x00000000ec380000,0x00000000ec380000)
  from space 5120K, 0% used [0x00000000eca00000,0x00000000eca00000,0x00000000ecf00000)
  to   space 5632K, 0% used [0x00000000ec400000,0x00000000ec400000,0x00000000ec980000)
 ParOldGen       total 68608K, used 16235K [0x00000000c0000000, 0x00000000c4300000, 0x00000000eab00000)
  object space 68608K, 23% used [0x00000000c0000000,0x00000000c0fdae38,0x00000000c4300000)
 Metaspace       used 37153K, committed 37888K, reserved 1089536K
  class space    used 3967K, committed 4288K, reserved 1048576K
}
Event: 21.812 GC heap after
{Heap after GC invocations=9 (full 2):
 PSYoungGen      total 27648K, used 2176K [0x00000000eab00000, 0x00000000eca80000, 0x0000000100000000)
  eden space 25088K, 0% used [0x00000000eab00000,0x00000000eab00000,0x00000000ec380000)
  from space 2560K, 85% used [0x00000000ec400000,0x00000000ec620020,0x00000000ec680000)
  to   space 3584K, 0% used [0x00000000ec700000,0x00000000ec700000,0x00000000eca80000)
 ParOldGen       total 68608K, used 16243K [0x00000000c0000000, 0x00000000c4300000, 0x00000000eab00000)
  object space 68608K, 23% used [0x00000000c0000000,0x00000000c0fdce38,0x00000000c4300000)
 Metaspace       used 37153K, committed 37888K, reserved 1089536K
  class space    used 3967K, committed 4288K, reserved 1048576K
}
Event: 23.030 GC heap before
{Heap before GC invocations=10 (full 2):
 PSYoungGen      total 27648K, used 27264K [0x00000000eab00000, 0x00000000eca80000, 0x0000000100000000)
  eden space 25088K, 100% used [0x00000000eab00000,0x00000000ec380000,0x00000000ec380000)
  from space 2560K, 85% used [0x00000000ec400000,0x00000000ec620020,0x00000000ec680000)
  to   space 3584K, 0% used [0x00000000ec700000,0x00000000ec700000,0x00000000eca80000)
 ParOldGen       total 68608K, used 16245K [0x00000000c0000000, 0x00000000c4300000, 0x00000000eab00000)
  object space 68608K, 23% used [0x00000000c0000000,0x00000000c0fdd6f8,0x00000000c4300000)
 Metaspace       used 37985K, committed 38784K, reserved 1089536K
  class space    used 4074K, committed 4416K, reserved 1048576K
}
Event: 23.043 GC heap after
{Heap after GC invocations=10 (full 2):
 PSYoungGen      total 27136K, used 3552K [0x00000000eab00000, 0x00000000ecd00000, 0x0000000100000000)
  eden space 23552K, 0% used [0x00000000eab00000,0x00000000eab00000,0x00000000ec200000)
  from space 3584K, 99% used [0x00000000ec700000,0x00000000eca78020,0x00000000eca80000)
  to   space 5120K, 0% used [0x00000000ec200000,0x00000000ec200000,0x00000000ec700000)
 ParOldGen       total 68608K, used 17085K [0x00000000c0000000, 0x00000000c4300000, 0x00000000eab00000)
  object space 68608K, 24% used [0x00000000c0000000,0x00000000c10af6f8,0x00000000c4300000)
 Metaspace       used 37985K, committed 38784K, reserved 1089536K
  class space    used 4074K, committed 4416K, reserved 1048576K
}
Event: 23.561 GC heap before
{Heap before GC invocations=11 (full 2):
 PSYoungGen      total 27136K, used 27104K [0x00000000eab00000, 0x00000000ecd00000, 0x0000000100000000)
  eden space 23552K, 100% used [0x00000000eab00000,0x00000000ec200000,0x00000000ec200000)
  from space 3584K, 99% used [0x00000000ec700000,0x00000000eca78020,0x00000000eca80000)
  to   space 5120K, 0% used [0x00000000ec200000,0x00000000ec200000,0x00000000ec700000)
 ParOldGen       total 68608K, used 17085K [0x00000000c0000000, 0x00000000c4300000, 0x00000000eab00000)
  object space 68608K, 24% used [0x00000000c0000000,0x00000000c10af6f8,0x00000000c4300000)
 Metaspace       used 38275K, committed 39040K, reserved 1089536K
  class space    used 4122K, committed 4480K, reserved 1048576K
}
Event: 23.576 GC heap after
{Heap after GC invocations=11 (full 2):
 PSYoungGen      total 28160K, used 5088K [0x00000000eab00000, 0x00000000ece80000, 0x0000000100000000)
  eden space 23040K, 0% used [0x00000000eab00000,0x00000000eab00000,0x00000000ec180000)
  from space 5120K, 99% used [0x00000000ec200000,0x00000000ec6f8030,0x00000000ec700000)
  to   space 6656K, 0% used [0x00000000ec800000,0x00000000ec800000,0x00000000ece80000)
 ParOldGen       total 68608K, used 18201K [0x00000000c0000000, 0x00000000c4300000, 0x00000000eab00000)
  object space 68608K, 26% used [0x00000000c0000000,0x00000000c11c6708,0x00000000c4300000)
 Metaspace       used 38275K, committed 39040K, reserved 1089536K
  class space    used 4122K, committed 4480K, reserved 1048576K
}
Event: 24.040 GC heap before
{Heap before GC invocations=12 (full 2):
 PSYoungGen      total 28160K, used 28128K [0x00000000eab00000, 0x00000000ece80000, 0x0000000100000000)
  eden space 23040K, 100% used [0x00000000eab00000,0x00000000ec180000,0x00000000ec180000)
  from space 5120K, 99% used [0x00000000ec200000,0x00000000ec6f8030,0x00000000ec700000)
  to   space 6656K, 0% used [0x00000000ec800000,0x00000000ec800000,0x00000000ece80000)
 ParOldGen       total 68608K, used 18201K [0x00000000c0000000, 0x00000000c4300000, 0x00000000eab00000)
  object space 68608K, 26% used [0x00000000c0000000,0x00000000c11c6708,0x00000000c4300000)
 Metaspace       used 38680K, committed 39424K, reserved 1089536K
  class space    used 4160K, committed 4480K, reserved 1048576K
}
Event: 24.061 GC heap after
{Heap after GC invocations=12 (full 2):
 PSYoungGen      total 27136K, used 4480K [0x00000000eab00000, 0x00000000ecc80000, 0x0000000100000000)
  eden space 22528K, 0% used [0x00000000eab00000,0x00000000eab00000,0x00000000ec100000)
  from space 4608K, 97% used [0x00000000ec800000,0x00000000ecc60020,0x00000000ecc80000)
  to   space 5120K, 0% used [0x00000000ec280000,0x00000000ec280000,0x00000000ec780000)
 ParOldGen       total 68608K, used 21233K [0x00000000c0000000, 0x00000000c4300000, 0x00000000eab00000)
  object space 68608K, 30% used [0x00000000c0000000,0x00000000c14bc418,0x00000000c4300000)
 Metaspace       used 38680K, committed 39424K, reserved 1089536K
  class space    used 4160K, committed 4480K, reserved 1048576K
}
Event: 24.433 GC heap before
{Heap before GC invocations=13 (full 2):
 PSYoungGen      total 27136K, used 27008K [0x00000000eab00000, 0x00000000ecc80000, 0x0000000100000000)
  eden space 22528K, 100% used [0x00000000eab00000,0x00000000ec100000,0x00000000ec100000)
  from space 4608K, 97% used [0x00000000ec800000,0x00000000ecc60020,0x00000000ecc80000)
  to   space 5120K, 0% used [0x00000000ec280000,0x00000000ec280000,0x00000000ec780000)
 ParOldGen       total 68608K, used 21233K [0x00000000c0000000, 0x00000000c4300000, 0x00000000eab00000)
  object space 68608K, 30% used [0x00000000c0000000,0x00000000c14bc418,0x00000000c4300000)
 Metaspace       used 39012K, committed 39808K, reserved 1089536K
  class space    used 4182K, committed 4544K, reserved 1048576K
}
Event: 24.452 GC heap after
{Heap after GC invocations=13 (full 2):
 PSYoungGen      total 24576K, used 2400K [0x00000000eab00000, 0x00000000ec880000, 0x0000000100000000)
  eden space 22016K, 0% used [0x00000000eab00000,0x00000000eab00000,0x00000000ec080000)
  from space 2560K, 93% used [0x00000000ec280000,0x00000000ec4d8010,0x00000000ec500000)
  to   space 3584K, 0% used [0x00000000ec500000,0x00000000ec500000,0x00000000ec880000)
 ParOldGen       total 68608K, used 25580K [0x00000000c0000000, 0x00000000c4300000, 0x00000000eab00000)
  object space 68608K, 37% used [0x00000000c0000000,0x00000000c18fb238,0x00000000c4300000)
 Metaspace       used 39012K, committed 39808K, reserved 1089536K
  class space    used 4182K, committed 4544K, reserved 1048576K
}
Event: 26.640 GC heap before
{Heap before GC invocations=14 (full 2):
 PSYoungGen      total 24576K, used 24416K [0x00000000eab00000, 0x00000000ec880000, 0x0000000100000000)
  eden space 22016K, 100% used [0x00000000eab00000,0x00000000ec080000,0x00000000ec080000)
  from space 2560K, 93% used [0x00000000ec280000,0x00000000ec4d8010,0x00000000ec500000)
  to   space 3584K, 0% used [0x00000000ec500000,0x00000000ec500000,0x00000000ec880000)
 ParOldGen       total 68608K, used 25580K [0x00000000c0000000, 0x00000000c4300000, 0x00000000eab00000)
  object space 68608K, 37% used [0x00000000c0000000,0x00000000c18fb238,0x00000000c4300000)
 Metaspace       used 43539K, committed 44352K, reserved 1089536K
  class space    used 4651K, committed 4992K, reserved 1048576K
}
Event: 26.656 GC heap after
{Heap after GC invocations=14 (full 2):
 PSYoungGen      total 25088K, used 2646K [0x00000000eab00000, 0x00000000ec800000, 0x0000000100000000)
  eden space 22016K, 0% used [0x00000000eab00000,0x00000000eab00000,0x00000000ec080000)
  from space 3072K, 86% used [0x00000000ec500000,0x00000000ec795810,0x00000000ec800000)
  to   space 3072K, 0% used [0x00000000ec200000,0x00000000ec200000,0x00000000ec500000)
 ParOldGen       total 68608K, used 27940K [0x00000000c0000000, 0x00000000c4300000, 0x00000000eab00000)
  object space 68608K, 40% used [0x00000000c0000000,0x00000000c1b49248,0x00000000c4300000)
 Metaspace       used 43539K, committed 44352K, reserved 1089536K
  class space    used 4651K, committed 4992K, reserved 1048576K
}
Event: 28.884 GC heap before
{Heap before GC invocations=15 (full 2):
 PSYoungGen      total 25088K, used 24661K [0x00000000eab00000, 0x00000000ec800000, 0x0000000100000000)
  eden space 22016K, 99% used [0x00000000eab00000,0x00000000ec07fe20,0x00000000ec080000)
  from space 3072K, 86% used [0x00000000ec500000,0x00000000ec795810,0x00000000ec800000)
  to   space 3072K, 0% used [0x00000000ec200000,0x00000000ec200000,0x00000000ec500000)
 ParOldGen       total 68608K, used 27940K [0x00000000c0000000, 0x00000000c4300000, 0x00000000eab00000)
  object space 68608K, 40% used [0x00000000c0000000,0x00000000c1b49248,0x00000000c4300000)
 Metaspace       used 46757K, committed 47552K, reserved 1097728K
  class space    used 4941K, committed 5248K, reserved 1048576K
}
Event: 28.894 GC heap after
{Heap after GC invocations=15 (full 2):
 PSYoungGen      total 23040K, used 639K [0x00000000eab00000, 0x00000000ec580000, 0x0000000100000000)
  eden space 22016K, 0% used [0x00000000eab00000,0x00000000eab00000,0x00000000ec080000)
  from space 1024K, 62% used [0x00000000ec200000,0x00000000ec29fed0,0x00000000ec300000)
  to   space 1536K, 0% used [0x00000000ec400000,0x00000000ec400000,0x00000000ec580000)
 ParOldGen       total 68608K, used 30450K [0x00000000c0000000, 0x00000000c4300000, 0x00000000eab00000)
  object space 68608K, 44% used [0x00000000c0000000,0x00000000c1dbcad0,0x00000000c4300000)
 Metaspace       used 46757K, committed 47552K, reserved 1097728K
  class space    used 4941K, committed 5248K, reserved 1048576K
}
Event: 32.078 GC heap before
{Heap before GC invocations=16 (full 2):
 PSYoungGen      total 23040K, used 22655K [0x00000000eab00000, 0x00000000ec580000, 0x0000000100000000)
  eden space 22016K, 100% used [0x00000000eab00000,0x00000000ec080000,0x00000000ec080000)
  from space 1024K, 62% used [0x00000000ec200000,0x00000000ec29fed0,0x00000000ec300000)
  to   space 1536K, 0% used [0x00000000ec400000,0x00000000ec400000,0x00000000ec580000)
 ParOldGen       total 68608K, used 30450K [0x00000000c0000000, 0x00000000c4300000, 0x00000000eab00000)
  object space 68608K, 44% used [0x00000000c0000000,0x00000000c1dbcad0,0x00000000c4300000)
 Metaspace       used 51104K, committed 51968K, reserved 1097728K
  class space    used 5346K, committed 5696K, reserved 1048576K
}
Event: 32.091 GC heap after
{Heap after GC invocations=16 (full 2):
 PSYoungGen      total 22528K, used 1532K [0x00000000eab00000, 0x00000000ec980000, 0x0000000100000000)
  eden space 20992K, 0% used [0x00000000eab00000,0x00000000eab00000,0x00000000ebf80000)
  from space 1536K, 99% used [0x00000000ec400000,0x00000000ec57f0c8,0x00000000ec580000)
  to   space 4608K, 0% used [0x00000000ebf80000,0x00000000ebf80000,0x00000000ec400000)
 ParOldGen       total 68608K, used 32740K [0x00000000c0000000, 0x00000000c4300000, 0x00000000eab00000)
  object space 68608K, 47% used [0x00000000c0000000,0x00000000c1ff9028,0x00000000c4300000)
 Metaspace       used 51104K, committed 51968K, reserved 1097728K
  class space    used 5346K, committed 5696K, reserved 1048576K
}

